<?xml version="1.0" encoding="UTF-8"?>
<Site BuildName="Win32-mingw32-make"
	BuildStamp="20240616-0818-Experimental"
	Name="DESKTOP-48O1NPI"
	Generator="ctest-3.29.3"
	CompilerName="C:/msys64/ucrt64/bin/g++.exe"
	CompilerVersion="13.1.0"
	OSName="Windows"
	Hostname="DESKTOP-48O1NPI"
	OSRelease=" Personal"
	OSVersion=" (Build 19045)"
	OSPlatform="AMD64"
	Is64Bits="1"
	VendorString="GenuineIntel"
	VendorID="Intel Corporation"
	FamilyID="6"
	ModelID="14"
	ProcessorCacheSize="-1"
	NumberOfLogicalCPU="8"
	NumberOfPhysicalCPU="8"
	TotalVirtualMemory="34727"
	TotalPhysicalMemory="32679"
	LogicalProcessorsPerPhysical="1"
	ProcessorClockFrequency="3600"
	>
	<Testing>
		<StartDateTime>Jun 16 11:55 W. Europe Summer Time</StartDateTime>
		<StartTestTime>1718531711</StartTestTime>
		<TestList/>
		<EndDateTime>Jun 16 11:55 W. Europe Summer Time</EndDateTime>
		<EndTestTime>1718531711</EndTestTime>
		<ElapsedMinutes>0</ElapsedMinutes>
	</Testing>
</Site>
